Unity Editor version:    6000.2.6f1 (cc51a95c0300)
Branch:                  6000.2/staging
Build type:              Release
Batch mode:              YES
macOS version:           Version 15.6.1 (Build 24G90)
Darwin version:          24.6.0
Architecture:            arm64
Running under Rosetta:   NO
Available memory:        24576 MB
Date:                    2025-10-19T02:49:28Z
[Licensing::Module] Trying to connect to existing licensing client channel...
[Licensing::IpcConnector] Successfully connected to: "LicenseClient-mPILWyOS3lPKUVAg58TPO" at "2025-10-19T02:49:28.251172Z"

COMMAND LINE ARGUMENTS:
/Applications/Unity/Hub/Editor/6000.2.6f1/Unity.app/Contents/MacOS/Unity
-adb2
-batchMode
-noUpm
-name
AssetImportWorker1
-projectPath
/Users/shanpatel/Documents/Spring 2025/CS 4605/PassiveHapticRehab
-logFile
Logs/AssetImportWorker1.log
-srvPort
59863
-licensingIpc
LicenseClient-mPILWyOS3lPKUVAg58TPO
-job-worker-count
4
-background-job-worker-count
8
-gc-helper-count
1
-name AssetImport
Successfully changed project path to: /Users/shanpatel/Documents/Spring 2025/CS 4605/PassiveHapticRehab
/Users/shanpatel/Documents/Spring 2025/CS 4605/PassiveHapticRehab
[UnityMemory] Configuration Parameters - Can be set up in boot.config
    "memorysetup-allocator-temp-initial-block-size-main=262144"
    "memorysetup-allocator-temp-initial-block-size-worker=262144"
    "memorysetup-bucket-allocator-granularity=16"
    "memorysetup-bucket-allocator-bucket-count=8"
    "memorysetup-bucket-allocator-block-size=33554432"
    "memorysetup-bucket-allocator-block-count=8"
    "memorysetup-main-allocator-block-size=16777216"
    "memorysetup-thread-allocator-block-size=16777216"
    "memorysetup-gfx-main-allocator-block-size=16777216"
    "memorysetup-gfx-thread-allocator-block-size=16777216"
    "memorysetup-cache-allocator-block-size=4194304"
    "memorysetup-typetree-allocator-block-size=2097152"
    "memorysetup-profiler-bucket-allocator-granularity=16"
    "memorysetup-profiler-bucket-allocator-bucket-count=8"
    "memorysetup-profiler-bucket-allocator-block-size=33554432"
    "memorysetup-profiler-bucket-allocator-block-count=8"
    "memorysetup-profiler-allocator-block-size=16777216"
    "memorysetup-profiler-editor-allocator-block-size=1048576"
    "memorysetup-temp-allocator-size-main=16777216"
    "memorysetup-job-temp-allocator-block-size=2097152"
    "memorysetup-job-temp-allocator-block-size-background=1048576"
    "memorysetup-job-temp-allocator-reduction-small-platforms=262144"
    "memorysetup-temp-allocator-size-background-worker=32768"
    "memorysetup-temp-allocator-size-job-worker=262144"
    "memorysetup-temp-allocator-size-preload-manager=33554432"
    "memorysetup-temp-allocator-size-nav-mesh-worker=65536"
    "memorysetup-temp-allocator-size-audio-worker=65536"
    "memorysetup-temp-allocator-size-cloud-worker=32768"
    "memorysetup-temp-allocator-size-gi-baking-worker=262144"
    "memorysetup-temp-allocator-size-gi-baking-worker=262144"
    "memorysetup-temp-allocator-size-gi-baking-worker=262144"
    "memorysetup-temp-allocator-size-gi-baking-worker=262144"
    "memorysetup-temp-allocator-size-gi-baking-worker=262144"
    "memorysetup-temp-allocator-size-gfx=262144"
Player connection [8691540160]  Target information:

Player connection [8691540160]  * "[IP] 10.11.18.53 [Port] 0 [Flags] 2 [Guid] 2059740609 [EditorId] 2059740609 [Version] 1048832 [Id] OSXEditor(0,Shans-MacBook-Pro-2.local) [Debug] 1 [PackageName] OSXEditor [ProjectName] Editor" 

Player connection [8691540160] Host joined multi-casting on [225.0.0.222:54997]...
Player connection [8691540160] Host joined alternative multi-casting on [225.0.0.222:34997]...
JobSystem: Creating JobQueue using job-worker-count value 4
Input System module state changed to: Initialized.
[Physics::Module] Initialized fallback backend.
[Physics::Module] Id: 0xdecafbad
Library Redirect Path: Library/
[Physics::Module] Selected backend.
[Physics::Module] Name: PhysX
[Physics::Module] Id: 0xf2b8ea05
[Physics::Module] SDK Version: 4.1.2
[Physics::Module] Integration Version: 1.0.0
[Physics::Module] Threading Mode: Multi-Threaded
Refreshing native plugins compatible for Editor in 0.00 ms, found 0 plugins.
Preloading 0 native plugins for Editor in 0.00 ms.
Initialize engine version: 6000.2.6f1 (cc51a95c0300)
[Subsystems] Discovering subsystems at path /Applications/Unity/Hub/Editor/6000.2.6f1/Unity.app/Contents/Resources/UnitySubsystems
[Subsystems] Discovering subsystems at path /Users/shanpatel/Documents/Spring 2025/CS 4605/PassiveHapticRehab/Assets
GfxDevice: creating device client; kGfxThreadingModeNonThreaded
 preferred device: Apple M4 (high power)
Metal devices available: 1
0: Apple M4 (high power)
Using device Apple M4 (high power)
Initializing Metal device caps: Apple M4
Mac GPU Family: 2
Apple GPU Family: 9
MSL Version: 3.0
Has Float MSAA: 1
Has Float Filtering: 1
ReadWrite Texture Tier: 2
Initialize mono
Mono path[0] = '/Applications/Unity/Hub/Editor/6000.2.6f1/Unity.app/Contents/Managed'
Mono path[1] = '/Applications/Unity/Hub/Editor/6000.2.6f1/Unity.app/Contents/MonoBleedingEdge/lib/mono/unityjit-macos'
Mono config path = '/Applications/Unity/Hub/Editor/6000.2.6f1/Unity.app/Contents/MonoBleedingEdge/etc'
Using monoOptions --debugger-agent=transport=dt_socket,embedding=1,server=y,suspend=n,address=127.0.0.1:56833
Begin MonoManager ReloadAssembly
Registering precompiled unity dll's ...
Register platform support module: /Applications/Unity/Hub/Editor/6000.2.6f1/PlaybackEngines/WebGLSupport/UnityEditor.WebGL.Extensions.dll
Register platform support module: /Applications/Unity/Hub/Editor/6000.2.6f1/Unity.app/Contents/PlaybackEngines/MacStandaloneSupport/UnityEditor.OSXStandalone.Extensions.dll
Registered in 0.000364 seconds.
- Loaded All Assemblies, in  0.170 seconds
Native extension for OSXStandalone target not found
Native extension for WebGL target not found
Mono: successfully reloaded assembly
- Finished resetting the current domain, in  0.200 seconds
Domain Reload Profiling: 370ms
	BeginReloadAssembly (36ms)
		ExecutionOrderSort (0ms)
		DisableScriptedObjects (0ms)
		BackupInstance (0ms)
		ReleaseScriptingObjects (0ms)
		CreateAndSetChildDomain (0ms)
	RebuildCommonClasses (20ms)
	RebuildNativeTypeToScriptingClass (6ms)
	initialDomainReloadingComplete (21ms)
	LoadAllAssembliesAndSetupDomain (87ms)
		LoadAssemblies (36ms)
		RebuildTransferFunctionScriptingTraits (0ms)
		AnalyzeDomain (86ms)
			TypeCache.Refresh (85ms)
				TypeCache.ScanAssembly (78ms)
			BuildScriptInfoCaches (0ms)
			ResolveRequiredComponents (0ms)
	FinalizeReload (200ms)
		ReleaseScriptCaches (0ms)
		RebuildScriptCaches (0ms)
		SetupLoadedEditorAssemblies (183ms)
			LogAssemblyErrors (0ms)
			InitializePlatformSupportModulesInManaged (24ms)
			SetLoadedEditorAssemblies (2ms)
			BeforeProcessingInitializeOnLoad (42ms)
			ProcessInitializeOnLoadAttributes (78ms)
			ProcessInitializeOnLoadMethodAttributes (36ms)
			AfterProcessingInitializeOnLoad (0ms)
			EditorAssembliesLoaded (0ms)
		ExecutionOrderSort2 (0ms)
		AwakeInstancesAfterBackupRestoration (0ms)
========================================================================
Worker process is ready to serve import requests
Import Worker Mode flag is 0x00
Begin MonoManager ReloadAssembly
[Licensing::Module] Licensing is not yet initialized.
[Licensing::Client] Code 10 while verifying Licensing Client signature (process Id: 41816, path: "/Volumes/Unity Hub 3.14.2-arm64/Unity Hub.app/Contents/Frameworks/UnityLicensingClient_V1.app/Contents/MacOS/Unity.Licensing.Client")
[Licensing::Module] LicensingClient has failed validation; ignoring
[Licensing::Client] Handshaking with LicensingClient:
  Version:                 1.17.3+a4e98f1
  Session Id:              74ba708215a1400197b00da1f427260e
  Correlation Id:          31702c02e925a0e047af51ac6c760d04
  External correlation Id: 6044356212158604340
  Machine Id:              zXbRp9YdMfxjzh2IbUzjTjiM04Y=
[Licensing::Module] Successfully connected to LicensingClient on channel: "LicenseClient-mPILWyOS3lPKUVAg58TPO" (connect: 0.00s, validation: 0.00s, handshake: 2.08s)
[Licensing::IpcConnector] Successfully connected to: "LicenseClient-mPILWyOS3lPKUVAg58TPO-notifications" at "2025-10-19T02:49:30.336004Z"
[Licensing::Module] Licensing Background thread has ended after 2.08s
[Licensing::Module] Licensing is initialized (took 1.43s).
[Licensing::Client] Successfully resolved entitlement details
[Licensing::Module] License group:
  Id: 20066789420986-UnityPersXXXX
  Product: Unity Personal
  Type: Assigned
  Expiration: Unlimited
- Loaded All Assemblies, in  1.545 seconds
Refreshing native plugins compatible for Editor in 0.00 ms, found 0 plugins.
Native extension for OSXStandalone target not found
Native extension for WebGL target not found
Mono: successfully reloaded assembly
- Finished resetting the current domain, in  0.186 seconds
Domain Reload Profiling: 1731ms
	BeginReloadAssembly (1501ms)
		ExecutionOrderSort (0ms)
		DisableScriptedObjects (3ms)
		BackupInstance (0ms)
		ReleaseScriptingObjects (0ms)
		CreateAndSetChildDomain (23ms)
	RebuildCommonClasses (21ms)
	RebuildNativeTypeToScriptingClass (7ms)
	initialDomainReloadingComplete (8ms)
	LoadAllAssembliesAndSetupDomain (8ms)
		LoadAssemblies (27ms)
		RebuildTransferFunctionScriptingTraits (0ms)
		AnalyzeDomain (6ms)
			TypeCache.Refresh (5ms)
				TypeCache.ScanAssembly (2ms)
			BuildScriptInfoCaches (0ms)
			ResolveRequiredComponents (0ms)
	FinalizeReload (186ms)
		ReleaseScriptCaches (0ms)
		RebuildScriptCaches (0ms)
		SetupLoadedEditorAssemblies (130ms)
			LogAssemblyErrors (0ms)
			InitializePlatformSupportModulesInManaged (1ms)
			SetLoadedEditorAssemblies (3ms)
			BeforeProcessingInitializeOnLoad (42ms)
			ProcessInitializeOnLoadAttributes (69ms)
			ProcessInitializeOnLoadMethodAttributes (15ms)
			AfterProcessingInitializeOnLoad (1ms)
			EditorAssembliesLoaded (0ms)
		ExecutionOrderSort2 (0ms)
		AwakeInstancesAfterBackupRestoration (2ms)
Launching external process: /Applications/Unity/Hub/Editor/6000.2.6f1/Unity.app/Contents/Tools/UnityShaderCompiler
Launched and connected shader compiler UnityShaderCompiler after 0.02 seconds
Refreshing native plugins compatible for Editor in 0.00 ms, found 0 plugins.
Preloading 0 native plugins for Editor in 0.00 ms.
Unloading 0 Unused Serialized files (Serialized files now loaded: 0)
Unloading 64 unused Assets / (21.9 KB). Loaded Objects now: 563.
Memory consumption went from 55.9 MB to 55.9 MB.
Total: 2.346458 ms (FindLiveObjects: 0.019625 ms CreateObjectMapping: 0.003416 ms MarkObjects: 2.288542 ms  DeleteObjects: 0.034541 ms)

========================================================================
Received Import Request.
  Time since last request: 1827164.798255 seconds.
  path: Assets/finger_extension_icon.png
  artifactKey: Guid(d69974efff4c84c3e8f594661aa67f9a) Importer(815301076,1909f56bfc062723c751e8b465ee728b)
Start importing Assets/finger_extension_icon.png using Guid(d69974efff4c84c3e8f594661aa67f9a) Importer(815301076,1909f56bfc062723c751e8b465ee728b) (PreviewImporter) -> (artifact id: 'a5b0fb4721dec5a24c948c4a88c10d35') in 0.07179 seconds
Number of updated asset objects reloaded before import = 0Number of asset objects unloaded after import = 2

========================================================================
Received Import Request.
  Time since last request: 0.000047 seconds.
  path: Assets/grass1.png
  artifactKey: Guid(2c23bd094d79f4e4bbe33a1f7962b8b5) Importer(815301076,1909f56bfc062723c751e8b465ee728b)
Start importing Assets/grass1.png using Guid(2c23bd094d79f4e4bbe33a1f7962b8b5) Importer(815301076,1909f56bfc062723c751e8b465ee728b) (PreviewImporter) -> (artifact id: 'd45f6e46b927940ee021b08557e293bc') in 0.002226583 seconds
Number of updated asset objects reloaded before import = 0Number of asset objects unloaded after import = 2

========================================================================
Received Import Request.
  Time since last request: 0.000065 seconds.
  path: Assets/frontBarMask.png
  artifactKey: Guid(46538ff89fbca44c9a532d214c896b2a) Importer(815301076,1909f56bfc062723c751e8b465ee728b)
Start importing Assets/frontBarMask.png using Guid(46538ff89fbca44c9a532d214c896b2a) Importer(815301076,1909f56bfc062723c751e8b465ee728b) (PreviewImporter) -> (artifact id: '37f5d4383099702e26a8f191d7d8ff2d') in 0.002760209 seconds
Number of updated asset objects reloaded before import = 0Number of asset objects unloaded after import = 2

========================================================================
Received Import Request.
  Time since last request: 0.000067 seconds.
  path: Assets/crop.png
  artifactKey: Guid(56bbb46c5c2f449c5a3758060483bfcb) Importer(815301076,1909f56bfc062723c751e8b465ee728b)
Start importing Assets/crop.png using Guid(56bbb46c5c2f449c5a3758060483bfcb) Importer(815301076,1909f56bfc062723c751e8b465ee728b) (PreviewImporter) -> (artifact id: '7557ceb621a8e9b36e01722315592ba1') in 0.002313625 seconds
Number of updated asset objects reloaded before import = 0Number of asset objects unloaded after import = 2

========================================================================
Received Import Request.
  Time since last request: 0.000051 seconds.
  path: Assets/finger_tapping_2_icon.png
  artifactKey: Guid(644606926840f4b45abe9c6a952937cf) Importer(815301076,1909f56bfc062723c751e8b465ee728b)
Start importing Assets/finger_tapping_2_icon.png using Guid(644606926840f4b45abe9c6a952937cf) Importer(815301076,1909f56bfc062723c751e8b465ee728b) (PreviewImporter) -> (artifact id: 'b84aa186e462860972dd81a4dad78a66') in 0.002089166 seconds
Number of updated asset objects reloaded before import = 0Number of asset objects unloaded after import = 2

========================================================================
Received Import Request.
  Time since last request: 0.000157 seconds.
  path: Assets/grass4.png
  artifactKey: Guid(d419615186a0e44ad9b8e20f00e97253) Importer(815301076,1909f56bfc062723c751e8b465ee728b)
Start importing Assets/grass4.png using Guid(d419615186a0e44ad9b8e20f00e97253) Importer(815301076,1909f56bfc062723c751e8b465ee728b) (PreviewImporter) -> (artifact id: '025d00c4dc264cba0fa17a368bb3b677') in 0.001754541 seconds
Number of updated asset objects reloaded before import = 0Number of asset objects unloaded after import = 2

========================================================================
Received Import Request.
  Time since last request: 0.000088 seconds.
  path: Assets/backBar.png
  artifactKey: Guid(17c83271df21e4cce88d4c08043f9120) Importer(815301076,1909f56bfc062723c751e8b465ee728b)
Start importing Assets/backBar.png using Guid(17c83271df21e4cce88d4c08043f9120) Importer(815301076,1909f56bfc062723c751e8b465ee728b) (PreviewImporter) -> (artifact id: '317e097d6bca000645ec54f02ce0f8d2') in 0.00238225 seconds
Number of updated asset objects reloaded before import = 0Number of asset objects unloaded after import = 2

========================================================================
Received Import Request.
  Time since last request: 0.000034 seconds.
  path: Assets/finger_to_nose_icon.png
  artifactKey: Guid(83a141136f2b64ef1aeba255d2c7b483) Importer(815301076,1909f56bfc062723c751e8b465ee728b)
Start importing Assets/finger_to_nose_icon.png using Guid(83a141136f2b64ef1aeba255d2c7b483) Importer(815301076,1909f56bfc062723c751e8b465ee728b) (PreviewImporter) -> (artifact id: 'fd7ba8eb1da24b5f35fefbe68b37cbca') in 0.001999208 seconds
Number of updated asset objects reloaded before import = 0Number of asset objects unloaded after import = 2

========================================================================
Received Import Request.
  Time since last request: 0.000047 seconds.
  path: Assets/elbow_extension_icon_compressed.png
  artifactKey: Guid(8f0ab615924a242c6b80a3edc9ea88ea) Importer(815301076,1909f56bfc062723c751e8b465ee728b)
Start importing Assets/elbow_extension_icon_compressed.png using Guid(8f0ab615924a242c6b80a3edc9ea88ea) Importer(815301076,1909f56bfc062723c751e8b465ee728b) (PreviewImporter) -> (artifact id: '60f2b2fc4a8b09c309088fd8db572c3e') in 0.00262125 seconds
Number of updated asset objects reloaded before import = 0Number of asset objects unloaded after import = 2

========================================================================
Received Import Request.
  Time since last request: 0.000038 seconds.
  path: Assets/finger_to_nose_icon_small.png
  artifactKey: Guid(b4805549d6b2e4bd8b9ba662cd6b1543) Importer(815301076,1909f56bfc062723c751e8b465ee728b)
Start importing Assets/finger_to_nose_icon_small.png using Guid(b4805549d6b2e4bd8b9ba662cd6b1543) Importer(815301076,1909f56bfc062723c751e8b465ee728b) (PreviewImporter) -> (artifact id: '07332bf934ad7f7451f1a041283fb5a1') in 0.002618209 seconds
Number of updated asset objects reloaded before import = 0Number of asset objects unloaded after import = 2

========================================================================
Received Import Request.
  Time since last request: 0.000052 seconds.
  path: Assets/frontBar.png
  artifactKey: Guid(3560bb19d20184e0494ac4d504fd44e0) Importer(815301076,1909f56bfc062723c751e8b465ee728b)
Start importing Assets/frontBar.png using Guid(3560bb19d20184e0494ac4d504fd44e0) Importer(815301076,1909f56bfc062723c751e8b465ee728b) (PreviewImporter) -> (artifact id: '4907bd13b35a0dcae2055aff6ab30e25') in 0.002617208 seconds
Number of updated asset objects reloaded before import = 0Number of asset objects unloaded after import = 2

========================================================================
Received Import Request.
  Time since last request: 0.000041 seconds.
  path: Assets/grass3.png
  artifactKey: Guid(ab64a264eb4824aafa1de126d27dcca5) Importer(815301076,1909f56bfc062723c751e8b465ee728b)
Start importing Assets/grass3.png using Guid(ab64a264eb4824aafa1de126d27dcca5) Importer(815301076,1909f56bfc062723c751e8b465ee728b) (PreviewImporter) -> (artifact id: '71220c1933efe5b906a2cd8a6017789f') in 0.002262625 seconds
Number of updated asset objects reloaded before import = 0Number of asset objects unloaded after import = 2

========================================================================
Received Import Request.
  Time since last request: 0.000129 seconds.
  path: Assets/finger_extension_icon_compressed.png
  artifactKey: Guid(6471e6437e1614c83867b7b3bb77d727) Importer(815301076,1909f56bfc062723c751e8b465ee728b)
Start importing Assets/finger_extension_icon_compressed.png using Guid(6471e6437e1614c83867b7b3bb77d727) Importer(815301076,1909f56bfc062723c751e8b465ee728b) (PreviewImporter) -> (artifact id: '6b9d97ebae1d27759c4dc187f0148bde') in 0.002322042 seconds
Number of updated asset objects reloaded before import = 0Number of asset objects unloaded after import = 2

========================================================================
Received Import Request.
  Time since last request: 14.244057 seconds.
  path: Assets/shoulder_back_animation_background.png
  artifactKey: Guid(356e5e0563a8e4be7a744225fbd38adc) Importer(815301076,1909f56bfc062723c751e8b465ee728b)
Start importing Assets/shoulder_back_animation_background.png using Guid(356e5e0563a8e4be7a744225fbd38adc) Importer(815301076,1909f56bfc062723c751e8b465ee728b) (PreviewImporter) -> (artifact id: '6b1f5db005891cb5d6cf97964ff1fecc') in 0.004339917 seconds
Number of updated asset objects reloaded before import = 0Number of asset objects unloaded after import = 2

========================================================================
Received Import Request.
  Time since last request: 0.000056 seconds.
  path: Assets/shoulder_internal_rotation_icon_small.png
  artifactKey: Guid(a40dad1640ff244d8a23008e8a914a5c) Importer(815301076,1909f56bfc062723c751e8b465ee728b)
Start importing Assets/shoulder_internal_rotation_icon_small.png using Guid(a40dad1640ff244d8a23008e8a914a5c) Importer(815301076,1909f56bfc062723c751e8b465ee728b) (PreviewImporter) -> (artifact id: 'a28a5d8287a558e3a5976b981e0af96f') in 0.002116459 seconds
Number of updated asset objects reloaded before import = 0Number of asset objects unloaded after import = 2

========================================================================
Received Import Request.
  Time since last request: 0.000111 seconds.
  path: Assets/shoulder_up_animation_background.png
  artifactKey: Guid(63347c76d4e994b3cbf1ccf15e63e1c2) Importer(815301076,1909f56bfc062723c751e8b465ee728b)
Start importing Assets/shoulder_up_animation_background.png using Guid(63347c76d4e994b3cbf1ccf15e63e1c2) Importer(815301076,1909f56bfc062723c751e8b465ee728b) (PreviewImporter) -> (artifact id: '735a73f7f698315f95356e2150484c63') in 0.002104208 seconds
Number of updated asset objects reloaded before import = 0Number of asset objects unloaded after import = 2

========================================================================
Received Import Request.
  Time since last request: 0.000114 seconds.
  path: Assets/wrist_up_icon_compressed.png
  artifactKey: Guid(f4773e29b7be742bd9d15d0d4f3488c8) Importer(815301076,1909f56bfc062723c751e8b465ee728b)
Start importing Assets/wrist_up_icon_compressed.png using Guid(f4773e29b7be742bd9d15d0d4f3488c8) Importer(815301076,1909f56bfc062723c751e8b465ee728b) (PreviewImporter) -> (artifact id: 'a9c5f1699e3dd53f5c76ba6a77546b70') in 0.003015084 seconds
Number of updated asset objects reloaded before import = 0Number of asset objects unloaded after import = 2

========================================================================
Received Import Request.
  Time since last request: 0.000051 seconds.
  path: Assets/shoulder_rotation_icon_compressed.png
  artifactKey: Guid(f039114862e784048874c897a7594bd6) Importer(815301076,1909f56bfc062723c751e8b465ee728b)
Start importing Assets/shoulder_rotation_icon_compressed.png using Guid(f039114862e784048874c897a7594bd6) Importer(815301076,1909f56bfc062723c751e8b465ee728b) (PreviewImporter) -> (artifact id: '903af516e8ce7c6e02bfddc147ba347d') in 0.00322075 seconds
Number of updated asset objects reloaded before import = 0Number of asset objects unloaded after import = 2

========================================================================
Received Import Request.
  Time since last request: 0.000044 seconds.
  path: Assets/shoulder_extension_icon_compressed.png
  artifactKey: Guid(32401e5f441a3481a876a638f1f451e8) Importer(815301076,1909f56bfc062723c751e8b465ee728b)
Start importing Assets/shoulder_extension_icon_compressed.png using Guid(32401e5f441a3481a876a638f1f451e8) Importer(815301076,1909f56bfc062723c751e8b465ee728b) (PreviewImporter) -> (artifact id: '581e974b9984b889765c620338b686a3') in 0.002244959 seconds
Number of updated asset objects reloaded before import = 0Number of asset objects unloaded after import = 2

========================================================================
Received Import Request.
  Time since last request: 6.727466 seconds.
  path: Packages/com.unity.multiplayer.center/Editor/MultiplayerCenterWindow/UI/Icons/ClientHosted@2x.png
  artifactKey: Guid(c7a38e6eccbfc49778cb8b77f594a971) Importer(815301076,1909f56bfc062723c751e8b465ee728b)
Start importing Packages/com.unity.multiplayer.center/Editor/MultiplayerCenterWindow/UI/Icons/ClientHosted@2x.png using Guid(c7a38e6eccbfc49778cb8b77f594a971) Importer(815301076,1909f56bfc062723c751e8b465ee728b) (PreviewImporter) -> (artifact id: 'cbe343824a2936301c4d8047dcc2951d') in 0.004471291 seconds
Number of updated asset objects reloaded before import = 0Number of asset objects unloaded after import = 2

========================================================================
Received Import Request.
  Time since last request: 0.000063 seconds.
  path: Packages/com.unity.multiplayer.center/Editor/MultiplayerCenterWindow/UI/Icons/d_PackageInstalled.png
  artifactKey: Guid(77be953cf28de42a4ad8532539fef3f5) Importer(815301076,1909f56bfc062723c751e8b465ee728b)
Start importing Packages/com.unity.multiplayer.center/Editor/MultiplayerCenterWindow/UI/Icons/d_PackageInstalled.png using Guid(77be953cf28de42a4ad8532539fef3f5) Importer(815301076,1909f56bfc062723c751e8b465ee728b) (PreviewImporter) -> (artifact id: 'f27a3cf56040e0350207ab9be27f511a') in 0.001402416 seconds
Number of updated asset objects reloaded before import = 0Number of asset objects unloaded after import = 2

========================================================================
Received Import Request.
  Time since last request: 0.000059 seconds.
  path: Packages/com.unity.multiplayer.center/Editor/MultiplayerCenterWindow/UI/Icons/DistributedAuthority@2x.png
  artifactKey: Guid(0354877031b64465ea7e5cafea1a2653) Importer(815301076,1909f56bfc062723c751e8b465ee728b)
Start importing Packages/com.unity.multiplayer.center/Editor/MultiplayerCenterWindow/UI/Icons/DistributedAuthority@2x.png using Guid(0354877031b64465ea7e5cafea1a2653) Importer(815301076,1909f56bfc062723c751e8b465ee728b) (PreviewImporter) -> (artifact id: 'ee6ec2af95641cfaa11f84fa09abe08c') in 0.00155725 seconds
Number of updated asset objects reloaded before import = 0Number of asset objects unloaded after import = 2

========================================================================
Received Import Request.
  Time since last request: 0.000039 seconds.
  path: Packages/com.unity.multiplayer.center/Editor/MultiplayerCenterWindow/UI/Icons/DistributedAuthority.png
  artifactKey: Guid(d63245ece6d8f476c8c7ca24da9937f6) Importer(815301076,1909f56bfc062723c751e8b465ee728b)
Start importing Packages/com.unity.multiplayer.center/Editor/MultiplayerCenterWindow/UI/Icons/DistributedAuthority.png using Guid(d63245ece6d8f476c8c7ca24da9937f6) Importer(815301076,1909f56bfc062723c751e8b465ee728b) (PreviewImporter) -> (artifact id: '49a5b145e7fe5791c741c75846069882') in 0.001711375 seconds
Number of updated asset objects reloaded before import = 0Number of asset objects unloaded after import = 2

========================================================================
Received Import Request.
  Time since last request: 0.000034 seconds.
  path: Packages/com.unity.multiplayer.center/Editor/MultiplayerCenterWindow/UI/Icons/CustomNetcode.png
  artifactKey: Guid(dce12af736e0a4a1ba35d6424f897dc9) Importer(815301076,1909f56bfc062723c751e8b465ee728b)
Start importing Packages/com.unity.multiplayer.center/Editor/MultiplayerCenterWindow/UI/Icons/CustomNetcode.png using Guid(dce12af736e0a4a1ba35d6424f897dc9) Importer(815301076,1909f56bfc062723c751e8b465ee728b) (PreviewImporter) -> (artifact id: '3e10c878db70914499af6bdf0ebdf419') in 0.002310084 seconds
Number of updated asset objects reloaded before import = 0Number of asset objects unloaded after import = 2

========================================================================
Received Import Request.
  Time since last request: 0.000047 seconds.
  path: Packages/com.unity.multiplayer.center/Editor/MultiplayerCenterWindow/UI/Icons/d_PackageInstalled@2x.png
  artifactKey: Guid(318df756abab5463e9aa361360784865) Importer(815301076,1909f56bfc062723c751e8b465ee728b)
Start importing Packages/com.unity.multiplayer.center/Editor/MultiplayerCenterWindow/UI/Icons/d_PackageInstalled@2x.png using Guid(318df756abab5463e9aa361360784865) Importer(815301076,1909f56bfc062723c751e8b465ee728b) (PreviewImporter) -> (artifact id: 'c4312448363b85d8fdf25ae893e253ec') in 0.001439917 seconds
Number of updated asset objects reloaded before import = 0Number of asset objects unloaded after import = 2

